  main.cpp
C:\Users\tlt18\Desktop\lianliankan\main.cpp(473,18): warning C4244: “初始化”: 从“double”转换到“float”，可能丢失数据
C:\Users\tlt18\Desktop\lianliankan\main.cpp(615,119): warning C4244: “参数”: 从“double”转换到“int”，可能丢失数据
C:\Users\tlt18\Desktop\lianliankan\main.cpp(615,85): warning C4244: “参数”: 从“double”转换到“int”，可能丢失数据
C:\Users\tlt18\Desktop\lianliankan\main.cpp(615,51): warning C4244: “参数”: 从“double”转换到“int”，可能丢失数据
C:\Users\tlt18\Desktop\lianliankan\main.cpp(615,17): warning C4244: “参数”: 从“double”转换到“int”，可能丢失数据
C:\Users\tlt18\Desktop\lianliankan\main.cpp(630,128): warning C4244: “参数”: 从“double”转换到“int”，可能丢失数据
C:\Users\tlt18\Desktop\lianliankan\main.cpp(630,85): warning C4244: “参数”: 从“double”转换到“int”，可能丢失数据
C:\Users\tlt18\Desktop\lianliankan\main.cpp(630,51): warning C4244: “参数”: 从“double”转换到“int”，可能丢失数据
C:\Users\tlt18\Desktop\lianliankan\main.cpp(630,17): warning C4244: “参数”: 从“double”转换到“int”，可能丢失数据
C:\Users\tlt18\Desktop\lianliankan\main.cpp(631,128): warning C4244: “参数”: 从“double”转换到“int”，可能丢失数据
C:\Users\tlt18\Desktop\lianliankan\main.cpp(631,85): warning C4244: “参数”: 从“double”转换到“int”，可能丢失数据
C:\Users\tlt18\Desktop\lianliankan\main.cpp(631,51): warning C4244: “参数”: 从“double”转换到“int”，可能丢失数据
C:\Users\tlt18\Desktop\lianliankan\main.cpp(631,17): warning C4244: “参数”: 从“double”转换到“int”，可能丢失数据
C:\Users\tlt18\Desktop\lianliankan\main.cpp(763,120): warning C4244: “参数”: 从“double”转换到“int”，可能丢失数据
C:\Users\tlt18\Desktop\lianliankan\main.cpp(763,86): warning C4244: “参数”: 从“double”转换到“int”，可能丢失数据
C:\Users\tlt18\Desktop\lianliankan\main.cpp(763,52): warning C4244: “参数”: 从“double”转换到“int”，可能丢失数据
C:\Users\tlt18\Desktop\lianliankan\main.cpp(763,18): warning C4244: “参数”: 从“double”转换到“int”，可能丢失数据
C:\Users\tlt18\Desktop\lianliankan\main.cpp(764,138): warning C4244: “参数”: 从“double”转换到“int”，可能丢失数据
C:\Users\tlt18\Desktop\lianliankan\main.cpp(764,104): warning C4244: “参数”: 从“double”转换到“int”，可能丢失数据
C:\Users\tlt18\Desktop\lianliankan\main.cpp(764,61): warning C4244: “参数”: 从“double”转换到“int”，可能丢失数据
C:\Users\tlt18\Desktop\lianliankan\main.cpp(764,18): warning C4244: “参数”: 从“double”转换到“int”，可能丢失数据
C:\Users\tlt18\Desktop\lianliankan\main.cpp(765,138): warning C4244: “参数”: 从“double”转换到“int”，可能丢失数据
C:\Users\tlt18\Desktop\lianliankan\main.cpp(765,104): warning C4244: “参数”: 从“double”转换到“int”，可能丢失数据
C:\Users\tlt18\Desktop\lianliankan\main.cpp(765,61): warning C4244: “参数”: 从“double”转换到“int”，可能丢失数据
C:\Users\tlt18\Desktop\lianliankan\main.cpp(765,18): warning C4244: “参数”: 从“double”转换到“int”，可能丢失数据
C:\Users\tlt18\Desktop\lianliankan\main.cpp(786,118): warning C4244: “参数”: 从“double”转换到“int”，可能丢失数据
C:\Users\tlt18\Desktop\lianliankan\main.cpp(786,85): warning C4244: “参数”: 从“double”转换到“int”，可能丢失数据
C:\Users\tlt18\Desktop\lianliankan\main.cpp(786,51): warning C4244: “参数”: 从“double”转换到“int”，可能丢失数据
C:\Users\tlt18\Desktop\lianliankan\main.cpp(786,17): warning C4244: “参数”: 从“double”转换到“int”，可能丢失数据
C:\Users\tlt18\Desktop\lianliankan\main.cpp(787,136): warning C4244: “参数”: 从“double”转换到“int”，可能丢失数据
C:\Users\tlt18\Desktop\lianliankan\main.cpp(787,103): warning C4244: “参数”: 从“double”转换到“int”，可能丢失数据
C:\Users\tlt18\Desktop\lianliankan\main.cpp(787,60): warning C4244: “参数”: 从“double”转换到“int”，可能丢失数据
C:\Users\tlt18\Desktop\lianliankan\main.cpp(787,17): warning C4244: “参数”: 从“double”转换到“int”，可能丢失数据
C:\Users\tlt18\Desktop\lianliankan\main.cpp(788,137): warning C4244: “参数”: 从“double”转换到“int”，可能丢失数据
C:\Users\tlt18\Desktop\lianliankan\main.cpp(788,103): warning C4244: “参数”: 从“double”转换到“int”，可能丢失数据
C:\Users\tlt18\Desktop\lianliankan\main.cpp(788,60): warning C4244: “参数”: 从“double”转换到“int”，可能丢失数据
C:\Users\tlt18\Desktop\lianliankan\main.cpp(788,17): warning C4244: “参数”: 从“double”转换到“int”，可能丢失数据
C:\Users\tlt18\Desktop\lianliankan\main.cpp(1127,17): warning C4244: “初始化”: 从“double”转换到“float”，可能丢失数据
  正在生成代码
  1 of 44 functions ( 2.3%) were compiled, the rest were copied from previous compilation.
    0 functions were new in current compilation
    1 functions had inline decision re-evaluated but remain unchanged
  已完成代码的生成
  lianliankan.vcxproj -> C:\Users\tlt18\Desktop\lianliankan\Release\lianliankan.exe
